[   481.094] 
X.Org X Server 1.21.1.18
X Protocol Version 11, Revision 0
[   481.094] Current Operating System: Linux Novax 6.16.5-arch1-1 #1 SMP PREEMPT_DYNAMIC Thu, 04 Sep 2025 23:18:13 +0000 x86_64
[   481.094] Kernel command line: BOOT_IMAGE=/boot/vmlinuz-linux root=UUID=da1c49d9-7160-4612-838b-389b6f7a7875 rw loglevel=3 quiet
[   481.095]  
[   481.095] Current version of pixman: 0.46.4
[   481.095] 	Before reporting problems, check http://wiki.x.org
	to make sure that you have the latest version.
[   481.095] Markers: (--) probed, (**) from config file, (==) default setting,
	(++) from command line, (!!) notice, (II) informational,
	(WW) warning, (EE) error, (NI) not implemented, (??) unknown.
[   481.095] (==) Log file: "/home/nova/.local/share/xorg/Xorg.1.log", Time: Wed Sep 10 23:17:49 2025
[   481.095] (==) Using system config directory "/usr/share/X11/xorg.conf.d"
[   481.095] (==) No Layout section.  Using the first Screen section.
[   481.095] (==) No screen section available. Using defaults.
[   481.095] (**) |-->Screen "Default Screen Section" (0)
[   481.095] (**) |   |-->Monitor "<default monitor>"
[   481.095] (==) No monitor specified for screen "Default Screen Section".
	Using a default monitor configuration.
[   481.095] (**) Allowing byte-swapped clients
[   481.095] (==) Automatically adding devices
[   481.095] (==) Automatically enabling devices
[   481.095] (==) Automatically adding GPU devices
[   481.095] (==) Automatically binding GPU devices
[   481.095] (==) Max clients allowed: 256, resource mask: 0x1fffff
[   481.097] (WW) `fonts.dir' not found (or not valid) in "/usr/share/fonts/misc".
[   481.097] 	Entry deleted from font path.
[   481.097] 	(Run 'mkfontdir' on "/usr/share/fonts/misc").
[   481.097] (WW) `fonts.dir' not found (or not valid) in "/usr/share/fonts/TTF".
[   481.097] 	Entry deleted from font path.
[   481.097] 	(Run 'mkfontdir' on "/usr/share/fonts/TTF").
[   481.097] (WW) `fonts.dir' not found (or not valid) in "/usr/share/fonts/OTF".
[   481.097] 	Entry deleted from font path.
[   481.097] 	(Run 'mkfontdir' on "/usr/share/fonts/OTF").
[   481.097] (WW) The directory "/usr/share/fonts/Type1" does not exist.
[   481.097] 	Entry deleted from font path.
[   481.097] (WW) The directory "/usr/share/fonts/100dpi" does not exist.
[   481.097] 	Entry deleted from font path.
[   481.097] (WW) The directory "/usr/share/fonts/75dpi" does not exist.
[   481.097] 	Entry deleted from font path.
[   481.097] (==) FontPath set to:
	
[   481.097] (==) ModulePath set to "/usr/lib/xorg/modules"
[   481.097] (II) The server relies on udev to provide the list of input devices.
	If no devices become available, reconfigure udev or disable AutoAddDevices.
[   481.097] (II) Module ABI versions:
[   481.097] 	X.Org ANSI C Emulation: 0.4
[   481.097] 	X.Org Video Driver: 25.2
[   481.097] 	X.Org XInput driver : 24.4
[   481.097] 	X.Org Server Extension : 10.0
[   481.099] (++) using VT number 3

[   481.110] (II) systemd-logind: took control of session /org/freedesktop/login1/session/_34
[   481.114] (II) xfree86: Adding drm device (/dev/dri/card0)
[   481.114] (II) Platform probe for /sys/devices/pci0000:00/0000:00:02.0/drm/card0
[   481.119] (II) systemd-logind: got fd for /dev/dri/card0 226:0 fd 13 paused 0
[   481.138] (--) PCI:*(0@0:2:0) 15ad:0405:15ad:0405 rev 0, Mem @ 0xc0000000/268435456, 0xd0400000/2097152, I/O @ 0x0000c170/16, BIOS @ 0x????????/131072
[   481.138] (II) LoadModule: "glx"
[   481.138] (II) Loading /usr/lib/xorg/modules/extensions/libglx.so
[   481.138] (II) Module glx: vendor="X.Org Foundation"
[   481.138] 	compiled for 1.21.1.18, module version = 1.0.0
[   481.138] 	ABI class: X.Org Server Extension, version 10.0
[   481.138] (==) Matched vmware as autoconfigured driver 0
[   481.138] (==) Matched modesetting as autoconfigured driver 1
[   481.138] (==) Matched fbdev as autoconfigured driver 2
[   481.138] (==) Matched vesa as autoconfigured driver 3
[   481.138] (==) Assigned the driver to the xf86ConfigLayout
[   481.138] (II) LoadModule: "vmware"
[   481.138] (WW) Warning, couldn't open module vmware
[   481.138] (EE) Failed to load module "vmware" (module does not exist, 0)
[   481.138] (II) LoadModule: "modesetting"
[   481.138] (II) Loading /usr/lib/xorg/modules/drivers/modesetting_drv.so
[   481.138] (II) Module modesetting: vendor="X.Org Foundation"
[   481.138] 	compiled for 1.21.1.18, module version = 1.21.1
[   481.138] 	Module class: X.Org Video Driver
[   481.138] 	ABI class: X.Org Video Driver, version 25.2
[   481.138] (II) LoadModule: "fbdev"
[   481.138] (WW) Warning, couldn't open module fbdev
[   481.138] (EE) Failed to load module "fbdev" (module does not exist, 0)
[   481.138] (II) LoadModule: "vesa"
[   481.138] (WW) Warning, couldn't open module vesa
[   481.138] (EE) Failed to load module "vesa" (module does not exist, 0)
[   481.138] (II) modesetting: Driver for Modesetting Kernel Drivers: kms
[   481.138] (II) modeset(0): using drv /dev/dri/card0
[   481.138] (WW) VGA arbiter: cannot open kernel arbiter, no multi-card support
[   481.138] (II) modeset(0): Creating default Display subsection in Screen section
	"Default Screen Section" for depth/fbbpp 24/32
[   481.138] (==) modeset(0): Depth 24, (==) framebuffer bpp 32
[   481.138] (==) modeset(0): RGB weight 888
[   481.138] (==) modeset(0): Default visual is TrueColor
[   481.138] (II) Loading sub module "glamoregl"
[   481.138] (II) LoadModule: "glamoregl"
[   481.138] (II) Loading /usr/lib/xorg/modules/libglamoregl.so
[   481.138] (II) Module glamoregl: vendor="X.Org Foundation"
[   481.138] 	compiled for 1.21.1.18, module version = 1.0.1
[   481.138] 	ABI class: X.Org ANSI C Emulation, version 0.4
[   481.251] (II) modeset(0): glamor X acceleration enabled on SVGA3D; build: RELEASE;  LLVM;
[   481.251] (II) modeset(0): glamor initialized
[   481.251] (==) modeset(0): VariableRefresh: disabled
[   481.251] (==) modeset(0): AsyncFlipSecondaries: disabled
[   481.261] (II) modeset(0): Output Virtual-1 has no monitor section
[   481.261] (II) modeset(0): Output Virtual-2 has no monitor section
[   481.261] (II) modeset(0): Output Virtual-3 has no monitor section
[   481.262] (II) modeset(0): Output Virtual-4 has no monitor section
[   481.263] (II) modeset(0): Output Virtual-5 has no monitor section
[   481.263] (II) modeset(0): Output Virtual-6 has no monitor section
[   481.263] (II) modeset(0): Output Virtual-7 has no monitor section
[   481.264] (II) modeset(0): Output Virtual-8 has no monitor section
[   481.265] (II) modeset(0): EDID for output Virtual-1
[   481.265] (II) modeset(0): Printing probed modes for output Virtual-1
[   481.265] (II) modeset(0): Modeline "1280x800"x60.0   81.51  1280 1330 1380 1430  800 850 900 950 -hsync +vsync (57.0 kHz eP)
[   481.265] (II) modeset(0): Modeline "4096x2160"x60.0  556.74  4096 4104 4136 4176  2160 2208 2216 2222 +hsync -vsync (133.3 kHz e)
[   481.265] (II) modeset(0): Modeline "4096x2160"x59.9  556.19  4096 4104 4136 4176  2160 2208 2216 2222 +hsync -vsync (133.2 kHz e)
[   481.265] (II) modeset(0): Modeline "2560x1600"x60.0  348.50  2560 2752 3032 3504  1600 1603 1609 1658 -hsync +vsync (99.5 kHz e)
[   481.265] (II) modeset(0): Modeline "2560x1600"x60.0  268.50  2560 2608 2640 2720  1600 1603 1609 1646 +hsync -vsync (98.7 kHz e)
[   481.265] (II) modeset(0): Modeline "1920x1440"x60.0  234.00  1920 2048 2256 2600  1440 1441 1444 1500 -hsync +vsync (90.0 kHz e)
[   481.265] (II) modeset(0): Modeline "1856x1392"x60.0  218.25  1856 1952 2176 2528  1392 1393 1396 1439 -hsync +vsync (86.3 kHz e)
[   481.265] (II) modeset(0): Modeline "1792x1344"x60.0  204.75  1792 1920 2120 2448  1344 1345 1348 1394 -hsync +vsync (83.6 kHz e)
[   481.265] (II) modeset(0): Modeline "2048x1152"x60.0  162.00  2048 2074 2154 2250  1152 1153 1156 1200 +hsync +vsync (72.0 kHz e)
[   481.265] (II) modeset(0): Modeline "1920x1200"x59.9  193.25  1920 2056 2256 2592  1200 1203 1209 1245 -hsync +vsync (74.6 kHz e)
[   481.265] (II) modeset(0): Modeline "1920x1200"x60.0  154.00  1920 1968 2000 2080  1200 1203 1209 1235 +hsync -vsync (74.0 kHz e)
[   481.265] (II) modeset(0): Modeline "1920x1080"x60.0  148.50  1920 2008 2052 2200  1080 1084 1089 1125 -hsync -vsync (67.5 kHz e)
[   481.265] (II) modeset(0): Modeline "1600x1200"x60.0  162.00  1600 1664 1856 2160  1200 1201 1204 1250 +hsync +vsync (75.0 kHz e)
[   481.265] (II) modeset(0): Modeline "1680x1050"x60.0  146.25  1680 1784 1960 2240  1050 1053 1059 1089 -hsync +vsync (65.3 kHz e)
[   481.265] (II) modeset(0): Modeline "1680x1050"x59.9  119.00  1680 1728 1760 1840  1050 1053 1059 1080 +hsync -vsync (64.7 kHz e)
[   481.265] (II) modeset(0): Modeline "1400x1050"x60.0  121.75  1400 1488 1632 1864  1050 1053 1057 1089 -hsync +vsync (65.3 kHz e)
[   481.265] (II) modeset(0): Modeline "1400x1050"x59.9  101.00  1400 1448 1480 1560  1050 1053 1057 1080 +hsync -vsync (64.7 kHz e)
[   481.265] (II) modeset(0): Modeline "1600x900"x60.0  108.00  1600 1624 1704 1800  900 901 904 1000 +hsync +vsync (60.0 kHz e)
[   481.265] (II) modeset(0): Modeline "1280x1024"x60.0  108.00  1280 1328 1440 1688  1024 1025 1028 1066 +hsync +vsync (64.0 kHz e)
[   481.265] (II) modeset(0): Modeline "1440x900"x59.9  106.50  1440 1520 1672 1904  900 903 909 934 -hsync +vsync (55.9 kHz e)
[   481.265] (II) modeset(0): Modeline "1440x900"x59.9   88.75  1440 1488 1520 1600  900 903 909 926 +hsync -vsync (55.5 kHz e)
[   481.265] (II) modeset(0): Modeline "1280x960"x60.0  108.00  1280 1376 1488 1800  960 961 964 1000 +hsync +vsync (60.0 kHz e)
[   481.265] (II) modeset(0): Modeline "1366x768"x59.8   85.50  1366 1436 1579 1792  768 771 774 798 +hsync +vsync (47.7 kHz e)
[   481.265] (II) modeset(0): Modeline "1366x768"x60.0   72.00  1366 1380 1436 1500  768 769 772 800 +hsync +vsync (48.0 kHz e)
[   481.265] (II) modeset(0): Modeline "1360x768"x60.0   85.50  1360 1424 1536 1792  768 771 777 795 +hsync +vsync (47.7 kHz e)
[   481.265] (II) modeset(0): Modeline "1280x800"x59.8   83.50  1280 1352 1480 1680  800 803 809 831 -hsync +vsync (49.7 kHz e)
[   481.265] (II) modeset(0): Modeline "1280x800"x59.9   71.00  1280 1328 1360 1440  800 803 809 823 +hsync -vsync (49.3 kHz e)
[   481.265] (II) modeset(0): Modeline "1280x768"x59.9   79.50  1280 1344 1472 1664  768 771 778 798 -hsync +vsync (47.8 kHz e)
[   481.265] (II) modeset(0): Modeline "1280x768"x60.0   68.25  1280 1328 1360 1440  768 771 778 790 +hsync -vsync (47.4 kHz e)
[   481.265] (II) modeset(0): Modeline "1280x720"x60.0   74.25  1280 1390 1430 1650  720 725 730 750 +hsync +vsync (45.0 kHz e)
[   481.265] (II) modeset(0): Modeline "1024x768"x60.0   65.00  1024 1048 1184 1344  768 771 777 806 -hsync -vsync (48.4 kHz e)
[   481.265] (II) modeset(0): Modeline "800x600"x60.3   40.00  800 840 968 1056  600 601 605 628 +hsync +vsync (37.9 kHz e)
[   481.265] (II) modeset(0): Modeline "800x600"x56.2   36.00  800 824 896 1024  600 601 603 625 +hsync +vsync (35.2 kHz e)
[   481.265] (II) modeset(0): Modeline "848x480"x60.0   33.75  848 864 976 1088  480 486 494 517 +hsync +vsync (31.0 kHz e)
[   481.265] (II) modeset(0): Modeline "640x480"x59.9   25.18  640 656 752 800  480 490 492 525 -hsync -vsync (31.5 kHz e)
[   481.266] (II) modeset(0): EDID for output Virtual-2
[   481.266] (II) modeset(0): EDID for output Virtual-3
[   481.266] (II) modeset(0): EDID for output Virtual-4
[   481.266] (II) modeset(0): EDID for output Virtual-5
[   481.266] (II) modeset(0): EDID for output Virtual-6
[   481.266] (II) modeset(0): EDID for output Virtual-7
[   481.267] (II) modeset(0): EDID for output Virtual-8
[   481.267] (II) modeset(0): Output Virtual-1 connected
[   481.267] (II) modeset(0): Output Virtual-2 disconnected
[   481.267] (II) modeset(0): Output Virtual-3 disconnected
[   481.267] (II) modeset(0): Output Virtual-4 disconnected
[   481.267] (II) modeset(0): Output Virtual-5 disconnected
[   481.267] (II) modeset(0): Output Virtual-6 disconnected
[   481.267] (II) modeset(0): Output Virtual-7 disconnected
[   481.267] (II) modeset(0): Output Virtual-8 disconnected
[   481.267] (II) modeset(0): Using exact sizes for initial modes
[   481.267] (II) modeset(0): Output Virtual-1 using initial mode 1280x800 +0+0
[   481.267] (==) modeset(0): Using gamma correction (1.0, 1.0, 1.0)
[   481.267] (==) modeset(0): DPI set to (96, 96)
[   481.267] (II) Loading sub module "fb"
[   481.267] (II) LoadModule: "fb"
[   481.267] (II) Module "fb" already built-in
[   481.289] (==) modeset(0): Backing store enabled
[   481.289] (==) modeset(0): Silken mouse enabled
[   481.289] (II) modeset(0): Initializing kms color map for depth 24, 8 bpc.
[   481.289] (==) modeset(0): DPMS enabled
[   481.289] (II) modeset(0): [DRI2] Setup complete
[   481.289] (II) modeset(0): [DRI2]   DRI driver: vmwgfx
[   481.289] (II) modeset(0): [DRI2]   VDPAU driver: vmwgfx
[   481.289] (II) Initializing extension Generic Event Extension
[   481.289] (II) Initializing extension SHAPE
[   481.289] (II) Initializing extension MIT-SHM
[   481.289] (II) Initializing extension XInputExtension
[   481.289] (II) Initializing extension XTEST
[   481.289] (II) Initializing extension BIG-REQUESTS
[   481.289] (II) Initializing extension SYNC
[   481.289] (II) Initializing extension XKEYBOARD
[   481.289] (II) Initializing extension XC-MISC
[   481.289] (II) Initializing extension SECURITY
[   481.289] (II) Initializing extension XFIXES
[   481.289] (II) Initializing extension RENDER
[   481.289] (II) Initializing extension RANDR
[   481.289] (II) Initializing extension COMPOSITE
[   481.289] (II) Initializing extension DAMAGE
[   481.289] (II) Initializing extension MIT-SCREEN-SAVER
[   481.289] (II) Initializing extension DOUBLE-BUFFER
[   481.289] (II) Initializing extension RECORD
[   481.289] (II) Initializing extension DPMS
[   481.289] (II) Initializing extension Present
[   481.289] (II) Initializing extension DRI3
[   481.289] (II) Initializing extension X-Resource
[   481.289] (II) Initializing extension XVideo
[   481.289] (II) Initializing extension XVideo-MotionCompensation
[   481.289] (II) Initializing extension GLX
[   481.409] (II) AIGLX: Loaded and initialized vmwgfx
[   481.409] (II) GLX: Initialized DRI2 GL provider for screen 0
[   481.409] (II) Initializing extension XFree86-VidModeExtension
[   481.409] (II) Initializing extension XFree86-DGA
[   481.409] (II) Initializing extension XFree86-DRI
[   481.409] (II) Initializing extension DRI2
[   481.409] (II) modeset(0): Damage tracking initialized
[   481.409] (II) modeset(0): Setting screen physical size to 338 x 211
[   481.505] (II) config/udev: Adding input device Power Button (/dev/input/event0)
[   481.505] (**) Power Button: Applying InputClass "libinput keyboard catchall"
[   481.505] (II) LoadModule: "libinput"
[   481.505] (II) Loading /usr/lib/xorg/modules/input/libinput_drv.so
[   481.505] (II) Module libinput: vendor="X.Org Foundation"
[   481.505] 	compiled for 1.21.1.13, module version = 1.5.0
[   481.505] 	Module class: X.Org XInput Driver
[   481.505] 	ABI class: X.Org XInput driver, version 24.4
[   481.505] (II) Using input driver 'libinput' for 'Power Button'
[   481.557] (II) systemd-logind: got fd for /dev/input/event0 13:64 fd 24 paused 0
[   481.557] (**) Power Button: always reports core events
[   481.557] (**) Option "Device" "/dev/input/event0"
[   481.564] (II) event0  - Power Button: is tagged by udev as: Keyboard
[   481.564] (II) event0  - Power Button: device is a keyboard
[   481.564] (II) event0  - Power Button: device removed
[   481.564] (**) Option "config_info" "udev:/sys/devices/LNXSYSTM:00/LNXPWRBN:00/input/input0/event0"
[   481.564] (II) XINPUT: Adding extended input device "Power Button" (type: KEYBOARD, id 6)
[   481.566] (II) event0  - Power Button: is tagged by udev as: Keyboard
[   481.566] (II) event0  - Power Button: device is a keyboard
[   481.568] (II) config/udev: Adding input device Sleep Button (/dev/input/event1)
[   481.568] (**) Sleep Button: Applying InputClass "libinput keyboard catchall"
[   481.568] (II) Using input driver 'libinput' for 'Sleep Button'
[   481.577] (II) systemd-logind: got fd for /dev/input/event1 13:65 fd 27 paused 0
[   481.577] (**) Sleep Button: always reports core events
[   481.577] (**) Option "Device" "/dev/input/event1"
[   481.577] (II) event1  - Sleep Button: is tagged by udev as: Keyboard
[   481.577] (II) event1  - Sleep Button: device is a keyboard
[   481.579] (II) event1  - Sleep Button: device removed
[   481.579] (**) Option "config_info" "udev:/sys/devices/LNXSYSTM:00/LNXSLPBN:00/input/input1/event1"
[   481.579] (II) XINPUT: Adding extended input device "Sleep Button" (type: KEYBOARD, id 7)
[   481.582] (II) event1  - Sleep Button: is tagged by udev as: Keyboard
[   481.582] (II) event1  - Sleep Button: device is a keyboard
[   481.582] (II) config/udev: Adding input device Video Bus (/dev/input/event6)
[   481.582] (**) Video Bus: Applying InputClass "libinput keyboard catchall"
[   481.582] (II) Using input driver 'libinput' for 'Video Bus'
[   481.586] (II) systemd-logind: got fd for /dev/input/event6 13:70 fd 28 paused 0
[   481.586] (**) Video Bus: always reports core events
[   481.586] (**) Option "Device" "/dev/input/event6"
[   481.586] (II) event6  - Video Bus: is tagged by udev as: Keyboard
[   481.586] (II) event6  - Video Bus: device is a keyboard
[   481.588] (II) event6  - Video Bus: device removed
[   481.588] (**) Option "config_info" "udev:/sys/devices/LNXSYSTM:00/LNXSYBUS:00/PNP0A03:00/LNXVIDEO:00/input/input7/event6"
[   481.588] (II) XINPUT: Adding extended input device "Video Bus" (type: KEYBOARD, id 8)
[   481.588] (II) event6  - Video Bus: is tagged by udev as: Keyboard
[   481.588] (II) event6  - Video Bus: device is a keyboard
[   481.592] (II) config/udev: Adding input device VirtualBox mouse integration (/dev/input/event4)
[   481.592] (**) VirtualBox mouse integration: Applying InputClass "libinput pointer catchall"
[   481.592] (II) Using input driver 'libinput' for 'VirtualBox mouse integration'
[   481.596] (II) systemd-logind: got fd for /dev/input/event4 13:68 fd 29 paused 0
[   481.597] (**) VirtualBox mouse integration: always reports core events
[   481.597] (**) Option "Device" "/dev/input/event4"
[   481.598] (II) event4  - VirtualBox mouse integration: is tagged by udev as: Mouse
[   481.598] (II) event4  - VirtualBox mouse integration: device is a pointer
[   481.598] (II) event4  - VirtualBox mouse integration: device removed
[   481.598] (**) Option "config_info" "udev:/sys/devices/pci0000:00/0000:00:04.0/input/input5/event4"
[   481.598] (II) XINPUT: Adding extended input device "VirtualBox mouse integration" (type: MOUSE, id 9)
[   481.598] (**) Option "AccelerationScheme" "none"
[   481.600] (**) VirtualBox mouse integration: (accel) selected scheme none/0
[   481.600] (**) VirtualBox mouse integration: (accel) acceleration factor: 2.000
[   481.600] (**) VirtualBox mouse integration: (accel) acceleration threshold: 4
[   481.601] (II) event4  - VirtualBox mouse integration: is tagged by udev as: Mouse
[   481.602] (II) event4  - VirtualBox mouse integration: device is a pointer
[   481.603] (II) config/udev: Adding input device VirtualBox mouse integration (/dev/input/js1)
[   481.603] (II) No input driver specified, ignoring this device.
[   481.603] (II) This device may have been added with another device file.
[   481.604] (II) config/udev: Adding input device VirtualBox mouse integration (/dev/input/mouse1)
[   481.604] (II) No input driver specified, ignoring this device.
[   481.604] (II) This device may have been added with another device file.
[   481.605] (II) config/udev: Adding input device VirtualBox USB Tablet (/dev/input/event3)
[   481.605] (**) VirtualBox USB Tablet: Applying InputClass "libinput pointer catchall"
[   481.605] (II) Using input driver 'libinput' for 'VirtualBox USB Tablet'
[   481.670] (II) systemd-logind: got fd for /dev/input/event3 13:67 fd 30 paused 0
[   481.670] (**) VirtualBox USB Tablet: always reports core events
[   481.670] (**) Option "Device" "/dev/input/event3"
[   481.674] (II) event3  - VirtualBox USB Tablet: is tagged by udev as: Mouse
[   481.675] (II) event3  - VirtualBox USB Tablet: device is a pointer
[   481.675] (II) event3  - VirtualBox USB Tablet: device removed
[   481.675] (**) Option "config_info" "udev:/sys/devices/pci0000:00/0000:00:06.0/usb2/2-1/2-1:1.0/0003:80EE:0021.0001/input/input4/event3"
[   481.675] (II) XINPUT: Adding extended input device "VirtualBox USB Tablet" (type: MOUSE, id 10)
[   481.675] (**) Option "AccelerationScheme" "none"
[   481.675] (**) VirtualBox USB Tablet: (accel) selected scheme none/0
[   481.675] (**) VirtualBox USB Tablet: (accel) acceleration factor: 2.000
[   481.675] (**) VirtualBox USB Tablet: (accel) acceleration threshold: 4
[   481.678] (II) event3  - VirtualBox USB Tablet: is tagged by udev as: Mouse
[   481.680] (II) event3  - VirtualBox USB Tablet: device is a pointer
[   481.680] (II) config/udev: Adding input device VirtualBox USB Tablet (/dev/input/js0)
[   481.680] (II) No input driver specified, ignoring this device.
[   481.680] (II) This device may have been added with another device file.
[   481.680] (II) config/udev: Adding input device VirtualBox USB Tablet (/dev/input/mouse0)
[   481.680] (II) No input driver specified, ignoring this device.
[   481.680] (II) This device may have been added with another device file.
[   481.680] (II) config/udev: Adding input device AT Translated Set 2 keyboard (/dev/input/event2)
[   481.680] (**) AT Translated Set 2 keyboard: Applying InputClass "libinput keyboard catchall"
[   481.680] (II) Using input driver 'libinput' for 'AT Translated Set 2 keyboard'
[   481.693] (II) systemd-logind: got fd for /dev/input/event2 13:66 fd 31 paused 0
[   481.693] (**) AT Translated Set 2 keyboard: always reports core events
[   481.693] (**) Option "Device" "/dev/input/event2"
[   481.699] (II) event2  - AT Translated Set 2 keyboard: is tagged by udev as: Keyboard
[   481.701] (II) event2  - AT Translated Set 2 keyboard: device is a keyboard
[   481.703] (II) event2  - AT Translated Set 2 keyboard: device removed
[   481.703] (**) Option "config_info" "udev:/sys/devices/platform/i8042/serio0/input/input2/event2"
[   481.703] (II) XINPUT: Adding extended input device "AT Translated Set 2 keyboard" (type: KEYBOARD, id 11)
[   481.705] (II) event2  - AT Translated Set 2 keyboard: is tagged by udev as: Keyboard
[   481.706] (II) event2  - AT Translated Set 2 keyboard: device is a keyboard
[   481.708] (II) config/udev: Adding input device ImExPS/2 Generic Explorer Mouse (/dev/input/event7)
[   481.708] (**) ImExPS/2 Generic Explorer Mouse: Applying InputClass "libinput pointer catchall"
[   481.708] (II) Using input driver 'libinput' for 'ImExPS/2 Generic Explorer Mouse'
[   481.715] (II) systemd-logind: got fd for /dev/input/event7 13:71 fd 32 paused 0
[   481.715] (**) ImExPS/2 Generic Explorer Mouse: always reports core events
[   481.715] (**) Option "Device" "/dev/input/event7"
[   481.715] (II) event7  - ImExPS/2 Generic Explorer Mouse: is tagged by udev as: Mouse
[   481.717] (II) event7  - ImExPS/2 Generic Explorer Mouse: emulating high-resolution scroll wheel events.
[   481.717] (II) event7  - ImExPS/2 Generic Explorer Mouse: device is a pointer
[   481.717] (II) event7  - ImExPS/2 Generic Explorer Mouse: device removed
[   481.717] (II) libinput: ImExPS/2 Generic Explorer Mouse: Step value 0 was provided, libinput Fallback acceleration function is used.
[   481.717] (II) libinput: ImExPS/2 Generic Explorer Mouse: Step value 0 was provided, libinput Fallback acceleration function is used.
[   481.717] (II) libinput: ImExPS/2 Generic Explorer Mouse: Step value 0 was provided, libinput Fallback acceleration function is used.
[   481.718] (**) Option "config_info" "udev:/sys/devices/platform/i8042/serio1/input/input8/event7"
[   481.718] (II) XINPUT: Adding extended input device "ImExPS/2 Generic Explorer Mouse" (type: MOUSE, id 12)
[   481.718] (**) Option "AccelerationScheme" "none"
[   481.718] (**) ImExPS/2 Generic Explorer Mouse: (accel) selected scheme none/0
[   481.718] (**) ImExPS/2 Generic Explorer Mouse: (accel) acceleration factor: 2.000
[   481.718] (**) ImExPS/2 Generic Explorer Mouse: (accel) acceleration threshold: 4
[   481.721] (II) event7  - ImExPS/2 Generic Explorer Mouse: is tagged by udev as: Mouse
[   481.721] (II) event7  - ImExPS/2 Generic Explorer Mouse: emulating high-resolution scroll wheel events.
[   481.721] (II) event7  - ImExPS/2 Generic Explorer Mouse: device is a pointer
[   481.721] (II) config/udev: Adding input device ImExPS/2 Generic Explorer Mouse (/dev/input/mouse2)
[   481.721] (II) No input driver specified, ignoring this device.
[   481.721] (II) This device may have been added with another device file.
[   481.723] (II) config/udev: Adding input device PC Speaker (/dev/input/event5)
[   481.723] (II) No input driver specified, ignoring this device.
[   481.723] (II) This device may have been added with another device file.
[   656.549] (EE) event4  - VirtualBox mouse integration: client bug: event processing lagging behind by 34ms, your system is too slow
[   818.598] (**) Option "fd" "24"
[   818.599] (II) event0  - Power Button: device removed
[   818.610] (**) Option "fd" "27"
[   818.610] (II) event1  - Sleep Button: device removed
[   818.611] (**) Option "fd" "28"
[   818.611] (II) event6  - Video Bus: device removed
[   818.611] (**) Option "fd" "29"
[   818.611] (II) event4  - VirtualBox mouse integration: device removed
[   818.612] (**) Option "fd" "30"
[   818.612] (II) event3  - VirtualBox USB Tablet: device removed
[   818.613] (**) Option "fd" "31"
[   818.613] (II) event2  - AT Translated Set 2 keyboard: device removed
[   818.614] (**) Option "fd" "32"
[   818.614] (II) event7  - ImExPS/2 Generic Explorer Mouse: device removed
[   818.615] (II) AIGLX: Suspending AIGLX clients for VT switch
[   818.663] (II) systemd-logind: got pause for 13:64
[   818.663] (II) systemd-logind: got pause for 13:65
[   818.663] (II) systemd-logind: got pause for 13:66
[   818.663] (II) systemd-logind: got pause for 13:70
[   818.663] (II) systemd-logind: got pause for 13:68
[   818.663] (II) systemd-logind: got pause for 13:67
[   818.663] (II) systemd-logind: got pause for 13:71
[   824.972] (II) systemd-logind: got resume for 13:64
[   824.979] (II) systemd-logind: got resume for 13:65
[   824.990] (II) systemd-logind: got resume for 13:66
[   825.002] (II) systemd-logind: got resume for 13:70
[   825.006] (II) systemd-logind: got resume for 13:68
[   825.021] (II) systemd-logind: got resume for 13:67
[   825.021] (II) systemd-logind: got resume for 226:0
[   825.021] (II) AIGLX: Resuming AIGLX clients after VT switch
[   825.160] (II) event0  - Power Button: is tagged by udev as: Keyboard
[   825.160] (II) event0  - Power Button: device is a keyboard
[   825.162] (II) event1  - Sleep Button: is tagged by udev as: Keyboard
[   825.162] (II) event1  - Sleep Button: device is a keyboard
[   825.163] (II) event6  - Video Bus: is tagged by udev as: Keyboard
[   825.165] (II) event6  - Video Bus: device is a keyboard
[   825.167] (II) event4  - VirtualBox mouse integration: is tagged by udev as: Mouse
[   825.167] (II) event4  - VirtualBox mouse integration: device is a pointer
[   825.172] (II) event3  - VirtualBox USB Tablet: is tagged by udev as: Mouse
[   825.172] (II) event3  - VirtualBox USB Tablet: device is a pointer
[   825.175] (II) event2  - AT Translated Set 2 keyboard: is tagged by udev as: Keyboard
[   825.175] (II) event2  - AT Translated Set 2 keyboard: device is a keyboard
[   825.175] (II) systemd-logind: got resume for 13:71
[   825.175] (II) event7  - ImExPS/2 Generic Explorer Mouse: is tagged by udev as: Mouse
[   825.175] (II) event7  - ImExPS/2 Generic Explorer Mouse: emulating high-resolution scroll wheel events.
[   825.175] (II) event7  - ImExPS/2 Generic Explorer Mouse: device is a pointer
[   826.657] (**) Option "fd" "27"
[   826.658] (II) event0  - Power Button: device removed
[   826.658] (**) Option "fd" "28"
[   826.658] (II) event1  - Sleep Button: device removed
[   826.658] (**) Option "fd" "30"
[   826.658] (II) event6  - Video Bus: device removed
[   826.659] (**) Option "fd" "31"
[   826.659] (II) event4  - VirtualBox mouse integration: device removed
[   826.659] (**) Option "fd" "39"
[   826.660] (II) event3  - VirtualBox USB Tablet: device removed
[   826.661] (**) Option "fd" "29"
[   826.664] (II) event2  - AT Translated Set 2 keyboard: device removed
[   826.665] (**) Option "fd" "40"
[   826.665] (II) event7  - ImExPS/2 Generic Explorer Mouse: device removed
[   826.666] (II) AIGLX: Suspending AIGLX clients for VT switch
[   826.694] (II) systemd-logind: got pause for 13:64
[   826.694] (II) systemd-logind: got pause for 13:65
[   826.694] (II) systemd-logind: got pause for 13:66
[   826.694] (II) systemd-logind: got pause for 13:70
[   826.694] (II) systemd-logind: got pause for 13:68
[   826.694] (II) systemd-logind: got pause for 13:67
[   826.694] (II) systemd-logind: got pause for 13:71
[   834.421] (II) systemd-logind: got resume for 13:64
[   834.431] (II) systemd-logind: got resume for 13:65
[   834.455] (II) systemd-logind: got resume for 13:66
[   834.467] (II) systemd-logind: got resume for 13:70
[   834.474] (II) systemd-logind: got resume for 13:68
[   834.485] (II) systemd-logind: got resume for 13:67
[   834.485] (II) systemd-logind: got resume for 226:0
[   834.485] (II) AIGLX: Resuming AIGLX clients after VT switch
[   834.646] (II) event0  - Power Button: is tagged by udev as: Keyboard
[   834.646] (II) event0  - Power Button: device is a keyboard
[   834.647] (II) event1  - Sleep Button: is tagged by udev as: Keyboard
[   834.647] (II) event1  - Sleep Button: device is a keyboard
[   834.650] (II) event6  - Video Bus: is tagged by udev as: Keyboard
[   834.650] (II) event6  - Video Bus: device is a keyboard
[   834.650] (II) event4  - VirtualBox mouse integration: is tagged by udev as: Mouse
[   834.650] (II) event4  - VirtualBox mouse integration: device is a pointer
[   834.650] (II) event3  - VirtualBox USB Tablet: is tagged by udev as: Mouse
[   834.650] (II) event3  - VirtualBox USB Tablet: device is a pointer
[   834.650] (II) event2  - AT Translated Set 2 keyboard: is tagged by udev as: Keyboard
[   834.650] (II) event2  - AT Translated Set 2 keyboard: device is a keyboard
[   834.650] (II) systemd-logind: got resume for 13:71
[   834.666] (II) event7  - ImExPS/2 Generic Explorer Mouse: is tagged by udev as: Mouse
[   834.668] (II) event7  - ImExPS/2 Generic Explorer Mouse: emulating high-resolution scroll wheel events.
[   834.671] (II) event7  - ImExPS/2 Generic Explorer Mouse: device is a pointer
[   885.465] (**) Option "fd" "28"
[   885.465] (II) event0  - Power Button: device removed
[   885.465] (**) Option "fd" "29"
[   885.465] (II) event1  - Sleep Button: device removed
[   885.465] (**) Option "fd" "31"
[   885.465] (II) event6  - Video Bus: device removed
[   885.465] (**) Option "fd" "32"
[   885.465] (II) event4  - VirtualBox mouse integration: device removed
[   885.465] (**) Option "fd" "39"
[   885.465] (II) event3  - VirtualBox USB Tablet: device removed
[   885.465] (**) Option "fd" "30"
[   885.465] (II) event2  - AT Translated Set 2 keyboard: device removed
[   885.465] (**) Option "fd" "42"
[   885.465] (II) event7  - ImExPS/2 Generic Explorer Mouse: device removed
[   885.486] (II) UnloadModule: "libinput"
[   885.486] (II) systemd-logind: releasing fd for 13:71
[   885.780] (II) UnloadModule: "libinput"
[   885.780] (II) systemd-logind: releasing fd for 13:66
[   885.798] (II) UnloadModule: "libinput"
[   885.798] (II) systemd-logind: releasing fd for 13:67
[   885.842] (II) UnloadModule: "libinput"
[   885.842] (II) systemd-logind: releasing fd for 13:68
[   886.077] (II) UnloadModule: "libinput"
[   886.077] (II) systemd-logind: releasing fd for 13:70
[   886.127] (II) UnloadModule: "libinput"
[   886.127] (II) systemd-logind: releasing fd for 13:65
[   886.176] (II) UnloadModule: "libinput"
[   886.177] (II) systemd-logind: releasing fd for 13:64
[   886.277] (WW) xf86CloseConsole: KDSETMODE failed: Input/output error
[   886.277] (WW) xf86CloseConsole: VT_GETMODE failed: Input/output error
[   886.277] (WW) xf86OpenConsole: VT_GETSTATE failed: Input/output error
[   886.284] (II) Server terminated successfully (0). Closing log file.
