/home/nova/.local/bin/dwmbar.sh: line 11: pamixer: command not found
/home/nova/.local/bin/dwmbar.sh: line 11: pamixer: command not found
/home/nova/.local/bin/dwmbar.sh: line 11: pamixer: command not found
/home/nova/.local/bin/dwmbar.sh: line 11: pamixer: command not found
/home/nova/.local/bin/dwmbar.sh: line 11: pamixer: command not found
/home/nova/.local/bin/dwmbar.sh: line 11: pamixer: command not found
/home/nova/.local/bin/dwmbar.sh: line 11: pamixer: command not found
/home/nova/.local/bin/dwmbar.sh: line 11: pamixer: command not found
/home/nova/.local/bin/dwmbar.sh: line 11: pamixer: command not found
/home/nova/.local/bin/dwmbar.sh: line 11: pamixer: command not found
/home/nova/.local/bin/dwmbar.sh: line 11: pamixer: command not found
/home/nova/.local/bin/dwmbar.sh: line 11: pamixer: command not found
/home/nova/.local/bin/dwmbar.sh: line 11: pamixer: command not found
/home/nova/.local/bin/dwmbar.sh: line 11: pamixer: command not found
/home/nova/.local/bin/dwmbar.sh: line 11: pamixer: command not found
/home/nova/.local/bin/dwmbar.sh: line 11: pamixer: command not found
/home/nova/.local/bin/dwmbar.sh: line 11: pamixer: command not found
/home/nova/.local/bin/dwmbar.sh: line 11: pamixer: command not found
/home/nova/.local/bin/dwmbar.sh: line 11: pamixer: command not found
/home/nova/.local/bin/dwmbar.sh: line 11: pamixer: command not found
/home/nova/.local/bin/dwmbar.sh: line 11: pamixer: command not found
/home/nova/.local/bin/dwmbar.sh: line 11: pamixer: command not found
/home/nova/.local/bin/dwmbar.sh: line 11: pamixer: command not found
/home/nova/.local/bin/dwmbar.sh: line 11: pamixer: command not found
/home/nova/.local/bin/dwmbar.sh: line 11: pamixer: command not found
/home/nova/.local/bin/dwmbar.sh: line 11: pamixer: command not found
/home/nova/.local/bin/dwmbar.sh: line 11: pamixer: command not found
/home/nova/.local/bin/dwmbar.sh: line 11: pamixer: command not found
[Parent 789, Main Thread] WARNING: Failed to enumerate devices of org.freedesktop.UPower: GDBus.Error:org.freedesktop.DBus.Error.ServiceUnknown: The name is not activatable
: 'glib warning', file /usr/src/debug/firefox/firefox-142.0.1/toolkit/xre/nsSigHandlers.cpp:201

** (firefox:789): WARNING **: 23:12:42.576: Failed to enumerate devices of org.freedesktop.UPower: GDBus.Error:org.freedesktop.DBus.Error.ServiceUnknown: The name is not activatable

/home/nova/.local/bin/dwmbar.sh: line 11: pamixer: command not found
/home/nova/.local/bin/dwmbar.sh: line 11: pamixer: command not found
/home/nova/.local/bin/dwmbar.sh: line 11: pamixer: command not found
/home/nova/.local/bin/dwmbar.sh: line 11: pamixer: command not found
/home/nova/.local/bin/dwmbar.sh: line 11: pamixer: command not found
/home/nova/.local/bin/dwmbar.sh: line 11: pamixer: command not found
/home/nova/.local/bin/dwmbar.sh: line 11: pamixer: command not found
/home/nova/.local/bin/dwmbar.sh: line 11: pamixer: command not found
/home/nova/.local/bin/dwmbar.sh: line 11: pamixer: command not found
/home/nova/.local/bin/dwmbar.sh: line 11: pamixer: command not found
/home/nova/.local/bin/dwmbar.sh: line 11: pamixer: command not found
/home/nova/.local/bin/dwmbar.sh: line 11: pamixer: command not found
/home/nova/.local/bin/dwmbar.sh: line 11: pamixer: command not found
/home/nova/.local/bin/dwmbar.sh: line 11: pamixer: command not found
/home/nova/.local/bin/dwmbar.sh: line 11: pamixer: command not found
/home/nova/.local/bin/dwmbar.sh: line 11: pamixer: command not found
/home/nova/.local/bin/dwmbar.sh: line 11: pamixer: command not found
/home/nova/.local/bin/dwmbar.sh: line 11: pamixer: command not found
/home/nova/.local/bin/dwmbar.sh: line 11: pamixer: command not found
/home/nova/.local/bin/dwmbar.sh: line 11: pamixer: command not found
/home/nova/.local/bin/dwmbar.sh: line 11: pamixer: command not found
/home/nova/.local/bin/dwmbar.sh: line 11: pamixer: command not found
/home/nova/.local/bin/dwmbar.sh: line 11: pamixer: command not found
/home/nova/.local/bin/dwmbar.sh: line 11: pamixer: command not found
/home/nova/.local/bin/dwmbar.sh: line 11: pamixer: command not found
/home/nova/.local/bin/dwmbar.sh: line 11: pamixer: command not found
/home/nova/.local/bin/dwmbar.sh: line 11: pamixer: command not found
/home/nova/.local/bin/dwmbar.sh: line 11: pamixer: command not found
/home/nova/.local/bin/dwmbar.sh: line 11: pamixer: command not found
/home/nova/.local/bin/dwmbar.sh: line 11: pamixer: command not found
/home/nova/.local/bin/dwmbar.sh: line 11: pamixer: command not found
/home/nova/.local/bin/dwmbar.sh: line 11: pamixer: command not found
/home/nova/.local/bin/dwmbar.sh: line 11: pamixer: command not found
/home/nova/.local/bin/dwmbar.sh: line 11: pamixer: command not found
/home/nova/.local/bin/dwmbar.sh: line 11: pamixer: command not found
/home/nova/.local/bin/dwmbar.sh: line 11: pamixer: command not found
/home/nova/.local/bin/dwmbar.sh: line 11: pamixer: command not found
flameshot: info: Screenshot aborted.
/home/nova/.local/bin/dwmbar.sh: line 11: pamixer: command not found
/home/nova/.local/bin/dwmbar.sh: line 11: pamixer: command not found
/home/nova/.local/bin/dwmbar.sh: line 11: pamixer: command not found
/home/nova/.local/bin/dwmbar.sh: line 11: pamixer: command not found
/home/nova/.local/bin/dwmbar.sh: line 11: pamixer: command not found
/home/nova/.local/bin/dwmbar.sh: line 11: pamixer: command not found
/home/nova/.local/bin/dwmbar.sh: line 11: pamixer: command not found
/home/nova/.local/bin/dwmbar.sh: line 11: pamixer: command not found
/home/nova/.local/bin/dwmbar.sh: line 11: pamixer: command not found
XIO:  fatal IO error 11 (Resource temporarily unavailable) on X server ":0"
      after 438 requests (437 known processed) with 0 events remaining.
Exiting due to channel error.
Exiting due to channel error.
Exiting due to channel error.
Exiting due to channel error.
Exiting due to channel error.
Exiting due to channel error.
/home/nova/.local/bin/dwmbar.sh: line 11: pamixer: command not found
xsetroot:  unable to open display ':0'
/home/nova/.local/bin/dwmbar.sh: line 11: pamixer: command not found
Authorization required, but no authorization protocol specified

xsetroot:  unable to open display ':0'
/home/nova/.local/bin/dwmbar.sh: line 11: pamixer: command not found
Authorization required, but no authorization protocol specified

xsetroot:  unable to open display ':0'
/home/nova/.local/bin/dwmbar.sh: line 11: pamixer: command not found
Authorization required, but no authorization protocol specified

xsetroot:  unable to open display ':0'
/home/nova/.local/bin/dwmbar.sh: line 11: pamixer: command not found
Authorization required, but no authorization protocol specified

xsetroot:  unable to open display ':0'
/home/nova/.local/bin/dwmbar.sh: line 11: pamixer: command not found
Authorization required, but no authorization protocol specified

xsetroot:  unable to open display ':0'
/home/nova/.local/bin/dwmbar.sh: line 11: pamixer: command not found
Authorization required, but no authorization protocol specified

xsetroot:  unable to open display ':0'
/home/nova/.local/bin/dwmbar.sh: line 11: pamixer: command not found
Authorization required, but no authorization protocol specified

xsetroot:  unable to open display ':0'
/home/nova/.local/bin/dwmbar.sh: line 11: pamixer: command not found
Authorization required, but no authorization protocol specified

xsetroot:  unable to open display ':0'
/home/nova/.local/bin/dwmbar.sh: line 11: pamixer: command not found
Authorization required, but no authorization protocol specified

xsetroot:  unable to open display ':0'
/home/nova/.local/bin/dwmbar.sh: line 11: pamixer: command not found
Authorization required, but no authorization protocol specified

xsetroot:  unable to open display ':0'
/home/nova/.local/bin/dwmbar.sh: line 11: pamixer: command not found
Authorization required, but no authorization protocol specified

xsetroot:  unable to open display ':0'
/home/nova/.local/bin/dwmbar.sh: line 11: pamixer: command not found
Authorization required, but no authorization protocol specified

xsetroot:  unable to open display ':0'
/home/nova/.local/bin/dwmbar.sh: line 11: pamixer: command not found
Authorization required, but no authorization protocol specified

xsetroot:  unable to open display ':0'
/home/nova/.local/bin/dwmbar.sh: line 11: pamixer: command not found
Authorization required, but no authorization protocol specified

xsetroot:  unable to open display ':0'
/home/nova/.local/bin/dwmbar.sh: line 11: pamixer: command not found
Authorization required, but no authorization protocol specified

xsetroot:  unable to open display ':0'
/home/nova/.local/bin/dwmbar.sh: line 11: pamixer: command not found
Authorization required, but no authorization protocol specified

xsetroot:  unable to open display ':0'
/home/nova/.local/bin/dwmbar.sh: line 11: pamixer: command not found
Authorization required, but no authorization protocol specified

xsetroot:  unable to open display ':0'
/home/nova/.local/bin/dwmbar.sh: line 11: pamixer: command not found
Authorization required, but no authorization protocol specified

xsetroot:  unable to open display ':0'
/home/nova/.local/bin/dwmbar.sh: line 11: pamixer: command not found
Authorization required, but no authorization protocol specified

xsetroot:  unable to open display ':0'
/home/nova/.local/bin/dwmbar.sh: line 11: pamixer: command not found
Authorization required, but no authorization protocol specified

xsetroot:  unable to open display ':0'
/home/nova/.local/bin/dwmbar.sh: line 11: pamixer: command not found
Authorization required, but no authorization protocol specified

xsetroot:  unable to open display ':0'
/home/nova/.local/bin/dwmbar.sh: line 11: pamixer: command not found
Authorization required, but no authorization protocol specified

xsetroot:  unable to open display ':0'
/home/nova/.local/bin/dwmbar.sh: line 11: pamixer: command not found
Authorization required, but no authorization protocol specified

xsetroot:  unable to open display ':0'
/home/nova/.local/bin/dwmbar.sh: line 11: pamixer: command not found
Authorization required, but no authorization protocol specified

xsetroot:  unable to open display ':0'
/home/nova/.local/bin/dwmbar.sh: line 11: pamixer: command not found
Authorization required, but no authorization protocol specified

xsetroot:  unable to open display ':0'
/home/nova/.local/bin/dwmbar.sh: line 11: pamixer: command not found
Authorization required, but no authorization protocol specified

xsetroot:  unable to open display ':0'
/home/nova/.local/bin/dwmbar.sh: line 11: pamixer: command not found
Authorization required, but no authorization protocol specified

xsetroot:  unable to open display ':0'
/home/nova/.local/bin/dwmbar.sh: line 11: pamixer: command not found
Authorization required, but no authorization protocol specified

xsetroot:  unable to open display ':0'
/home/nova/.local/bin/dwmbar.sh: line 11: pamixer: command not found
Authorization required, but no authorization protocol specified

xsetroot:  unable to open display ':0'
/home/nova/.local/bin/dwmbar.sh: line 11: pamixer: command not found
Authorization required, but no authorization protocol specified

xsetroot:  unable to open display ':0'
/home/nova/.local/bin/dwmbar.sh: line 11: pamixer: command not found
Authorization required, but no authorization protocol specified

xsetroot:  unable to open display ':0'
/home/nova/.local/bin/dwmbar.sh: line 11: pamixer: command not found
Authorization required, but no authorization protocol specified

xsetroot:  unable to open display ':0'
/home/nova/.local/bin/dwmbar.sh: line 11: pamixer: command not found
Authorization required, but no authorization protocol specified

xsetroot:  unable to open display ':0'
/home/nova/.local/bin/dwmbar.sh: line 11: pamixer: command not found
Authorization required, but no authorization protocol specified

xsetroot:  unable to open display ':0'
/home/nova/.local/bin/dwmbar.sh: line 11: pamixer: command not found
Authorization required, but no authorization protocol specified

xsetroot:  unable to open display ':0'
/home/nova/.local/bin/dwmbar.sh: line 11: pamixer: command not found
Authorization required, but no authorization protocol specified

xsetroot:  unable to open display ':0'
/home/nova/.local/bin/dwmbar.sh: line 11: pamixer: command not found
Authorization required, but no authorization protocol specified

xsetroot:  unable to open display ':0'
/home/nova/.local/bin/dwmbar.sh: line 11: pamixer: command not found
Authorization required, but no authorization protocol specified

xsetroot:  unable to open display ':0'
/home/nova/.local/bin/dwmbar.sh: line 11: pamixer: command not found
Authorization required, but no authorization protocol specified

xsetroot:  unable to open display ':0'
/home/nova/.local/bin/dwmbar.sh: line 11: pamixer: command not found
Authorization required, but no authorization protocol specified

xsetroot:  unable to open display ':0'
/home/nova/.local/bin/dwmbar.sh: line 11: pamixer: command not found
Authorization required, but no authorization protocol specified

xsetroot:  unable to open display ':0'
/home/nova/.local/bin/dwmbar.sh: line 11: pamixer: command not found
Authorization required, but no authorization protocol specified

xsetroot:  unable to open display ':0'
/home/nova/.local/bin/dwmbar.sh: line 11: pamixer: command not found
Authorization required, but no authorization protocol specified

xsetroot:  unable to open display ':0'
/home/nova/.local/bin/dwmbar.sh: line 11: pamixer: command not found
Authorization required, but no authorization protocol specified

xsetroot:  unable to open display ':0'
/home/nova/.local/bin/dwmbar.sh: line 11: pamixer: command not found
Authorization required, but no authorization protocol specified

xsetroot:  unable to open display ':0'
/home/nova/.local/bin/dwmbar.sh: line 11: pamixer: command not found
Authorization required, but no authorization protocol specified

xsetroot:  unable to open display ':0'
/home/nova/.local/bin/dwmbar.sh: line 11: pamixer: command not found
Authorization required, but no authorization protocol specified

xsetroot:  unable to open display ':0'
/home/nova/.local/bin/dwmbar.sh: line 11: pamixer: command not found
Authorization required, but no authorization protocol specified

xsetroot:  unable to open display ':0'
/home/nova/.local/bin/dwmbar.sh: line 11: pamixer: command not found
Authorization required, but no authorization protocol specified

xsetroot:  unable to open display ':0'
/home/nova/.local/bin/dwmbar.sh: line 11: pamixer: command not found
Authorization required, but no authorization protocol specified

xsetroot:  unable to open display ':0'
/home/nova/.local/bin/dwmbar.sh: line 11: pamixer: command not found
Authorization required, but no authorization protocol specified

xsetroot:  unable to open display ':0'
/home/nova/.local/bin/dwmbar.sh: line 11: pamixer: command not found
Authorization required, but no authorization protocol specified

xsetroot:  unable to open display ':0'
/home/nova/.local/bin/dwmbar.sh: line 11: pamixer: command not found
Authorization required, but no authorization protocol specified

xsetroot:  unable to open display ':0'
/home/nova/.local/bin/dwmbar.sh: line 11: pamixer: command not found
Authorization required, but no authorization protocol specified

xsetroot:  unable to open display ':0'
/home/nova/.local/bin/dwmbar.sh: line 11: pamixer: command not found
Authorization required, but no authorization protocol specified

xsetroot:  unable to open display ':0'
/home/nova/.local/bin/dwmbar.sh: line 11: pamixer: command not found
Authorization required, but no authorization protocol specified

xsetroot:  unable to open display ':0'
/home/nova/.local/bin/dwmbar.sh: line 11: pamixer: command not found
Authorization required, but no authorization protocol specified

xsetroot:  unable to open display ':0'
/home/nova/.local/bin/dwmbar.sh: line 11: pamixer: command not found
Authorization required, but no authorization protocol specified

xsetroot:  unable to open display ':0'
/home/nova/.local/bin/dwmbar.sh: line 11: pamixer: command not found
Authorization required, but no authorization protocol specified

xsetroot:  unable to open display ':0'
/home/nova/.local/bin/dwmbar.sh: line 11: pamixer: command not found
Authorization required, but no authorization protocol specified

xsetroot:  unable to open display ':0'
/home/nova/.local/bin/dwmbar.sh: line 11: pamixer: command not found
Authorization required, but no authorization protocol specified

xsetroot:  unable to open display ':0'
/home/nova/.local/bin/dwmbar.sh: line 11: pamixer: command not found
Authorization required, but no authorization protocol specified

xsetroot:  unable to open display ':0'
/home/nova/.local/bin/dwmbar.sh: line 11: pamixer: command not found
Authorization required, but no authorization protocol specified

xsetroot:  unable to open display ':0'
/home/nova/.local/bin/dwmbar.sh: line 11: pamixer: command not found
Authorization required, but no authorization protocol specified

xsetroot:  unable to open display ':0'
/home/nova/.local/bin/dwmbar.sh: line 11: pamixer: command not found
Authorization required, but no authorization protocol specified

xsetroot:  unable to open display ':0'
/home/nova/.local/bin/dwmbar.sh: line 11: pamixer: command not found
Authorization required, but no authorization protocol specified

xsetroot:  unable to open display ':0'
/home/nova/.local/bin/dwmbar.sh: line 11: pamixer: command not found
Authorization required, but no authorization protocol specified

xsetroot:  unable to open display ':0'
/home/nova/.local/bin/dwmbar.sh: line 11: pamixer: command not found
Authorization required, but no authorization protocol specified

xsetroot:  unable to open display ':0'
/home/nova/.local/bin/dwmbar.sh: line 11: pamixer: command not found
Authorization required, but no authorization protocol specified

xsetroot:  unable to open display ':0'
/home/nova/.local/bin/dwmbar.sh: line 11: pamixer: command not found
Authorization required, but no authorization protocol specified

xsetroot:  unable to open display ':0'
/home/nova/.local/bin/dwmbar.sh: line 11: pamixer: command not found
Authorization required, but no authorization protocol specified

xsetroot:  unable to open display ':0'
/home/nova/.local/bin/dwmbar.sh: line 11: pamixer: command not found
Authorization required, but no authorization protocol specified

xsetroot:  unable to open display ':0'
/home/nova/.local/bin/dwmbar.sh: line 11: pamixer: command not found
Authorization required, but no authorization protocol specified

xsetroot:  unable to open display ':0'
/home/nova/.local/bin/dwmbar.sh: line 11: pamixer: command not found
Authorization required, but no authorization protocol specified

xsetroot:  unable to open display ':0'
/home/nova/.local/bin/dwmbar.sh: line 11: pamixer: command not found
Authorization required, but no authorization protocol specified

xsetroot:  unable to open display ':0'
/home/nova/.local/bin/dwmbar.sh: line 11: pamixer: command not found
Authorization required, but no authorization protocol specified

xsetroot:  unable to open display ':0'
/home/nova/.local/bin/dwmbar.sh: line 11: pamixer: command not found
Authorization required, but no authorization protocol specified

xsetroot:  unable to open display ':0'
/home/nova/.local/bin/dwmbar.sh: line 11: pamixer: command not found
Authorization required, but no authorization protocol specified

xsetroot:  unable to open display ':0'
/home/nova/.local/bin/dwmbar.sh: line 11: pamixer: command not found
Authorization required, but no authorization protocol specified

xsetroot:  unable to open display ':0'
/home/nova/.local/bin/dwmbar.sh: line 11: pamixer: command not found
Authorization required, but no authorization protocol specified

xsetroot:  unable to open display ':0'
/home/nova/.local/bin/dwmbar.sh: line 11: pamixer: command not found
Authorization required, but no authorization protocol specified

xsetroot:  unable to open display ':0'
/home/nova/.local/bin/dwmbar.sh: line 11: pamixer: command not found
Authorization required, but no authorization protocol specified

xsetroot:  unable to open display ':0'
/home/nova/.local/bin/dwmbar.sh: line 11: pamixer: command not found
Authorization required, but no authorization protocol specified

xsetroot:  unable to open display ':0'
/home/nova/.local/bin/dwmbar.sh: line 11: pamixer: command not found
Authorization required, but no authorization protocol specified

xsetroot:  unable to open display ':0'
/home/nova/.local/bin/dwmbar.sh: line 11: pamixer: command not found
Authorization required, but no authorization protocol specified

xsetroot:  unable to open display ':0'
/home/nova/.local/bin/dwmbar.sh: line 11: pamixer: command not found
Authorization required, but no authorization protocol specified

xsetroot:  unable to open display ':0'
/home/nova/.local/bin/dwmbar.sh: line 11: pamixer: command not found
Authorization required, but no authorization protocol specified

xsetroot:  unable to open display ':0'
/home/nova/.local/bin/dwmbar.sh: line 11: pamixer: command not found
Authorization required, but no authorization protocol specified

xsetroot:  unable to open display ':0'
/home/nova/.local/bin/dwmbar.sh: line 11: pamixer: command not found
Authorization required, but no authorization protocol specified

xsetroot:  unable to open display ':0'
/home/nova/.local/bin/dwmbar.sh: line 11: pamixer: command not found
Authorization required, but no authorization protocol specified

xsetroot:  unable to open display ':0'
